<?xml version="1.0" encoding="UTF-8"?>
<!-- Generated by org.testng.reporters.JUnitXMLReporter -->
<testsuite ignored="1" hostname="MSI" failures="1" tests="4" name="Test" time="15.882" errors="0" timestamp="2021-04-01T17:00:04 IST">
  <testcase classname="com.faizan.reddif.testscript.TC_001" name="validateLoginPageTitle" time="0.071"/>
  <testcase classname="com.faizan.reddif.testscript.TC_001" name="validateLoginPageUrl" time="0.027">
    <failure type="java.lang.AssertionError" message="expected [https://opensource-demo.orangehrmlive.com/] but found [https://opensource-demo.orangehrmlive.com/index.php/auth/validateCredentials]">
      <![CDATA[java.lang.AssertionError: expected [https://opensource-demo.orangehrmlive.com/] but found [https://opensource-demo.orangehrmlive.com/index.php/auth/validateCredentials]
at com.faizan.reddif.testscript.TC_001.validateLoginPageUrl(TC_001.java:37)
at java.base/java.util.ArrayList.forEach(ArrayList.java:1511)
... Removed 37 stack frames]]>
    </failure>
  </testcase> <!-- validateLoginPageUrl -->
  <testcase classname="com.faizan.reddif.testscript.TC_001" name="validateLoginPaneltxt" time="0.167"/>
  <testcase classname="com.faizan.reddif.testscript.TC_001" name="validateLogin" time="6.233"/>
  <testcase classname="com.faizan.reddif.testscript.TC_001" name="validateLoginDDF" time="0.0">
    <ignored/>
  </testcase> <!-- validateLoginDDF -->
</testsuite> <!-- Test -->
